\BOOKMARK [1][-]{section.1}{Cel projektu}{}% 1
\BOOKMARK [1][-]{section.2}{Zakres systemu agentowego \(kontekst\)}{}% 2
\BOOKMARK [1][-]{section.3}{Specyfikacja srodowiska zadaniowego}{}% 3
\BOOKMARK [2][-]{subsection.3.1}{Definicja zadan}{section.3}% 4
\BOOKMARK [2][-]{subsection.3.2}{Okreslenie miary wynik\363w dzia\233ania}{section.3}% 5
\BOOKMARK [2][-]{subsection.3.3}{Istotne sk\233adowe srodowiska}{section.3}% 6
\BOOKMARK [3][-]{subsubsection.3.3.1}{Us\233ugi}{subsection.3.3}% 7
\BOOKMARK [3][-]{subsubsection.3.3.2}{Klienci}{subsection.3.3}% 8
\BOOKMARK [3][-]{subsubsection.3.3.3}{Personel}{subsection.3.3}% 9
\BOOKMARK [3][-]{subsubsection.3.3.4}{Miejsca}{subsection.3.3}% 10
\BOOKMARK [3][-]{subsubsection.3.3.5}{Sprzet}{subsection.3.3}% 11
\BOOKMARK [2][-]{subsection.3.4}{Dostepne/potrzebne efektory}{section.3}% 12
\BOOKMARK [2][-]{subsection.3.5}{Dostepne/potrzebne sensory}{section.3}% 13
\BOOKMARK [1][-]{section.4}{W\233asnosci srodowiska zadaniowego}{}% 14
\BOOKMARK [2][-]{subsection.4.1}{Obserwowalnosc a poznawalnosc}{section.4}% 15
\BOOKMARK [2][-]{subsection.4.2}{Przewidywalnosc}{section.4}% 16
\BOOKMARK [2][-]{subsection.4.3}{Sekwencyjnosc}{section.4}% 17
\BOOKMARK [2][-]{subsection.4.4}{Zmiennosc}{section.4}% 18
\BOOKMARK [2][-]{subsection.4.5}{Ciag\233osc}{section.4}% 19
\BOOKMARK [2][-]{subsection.4.6}{Modalnosc sensoryczna}{section.4}% 20
\BOOKMARK [2][-]{subsection.4.7}{Populacja agent\363w}{section.4}% 21
\BOOKMARK [1][-]{section.5}{Model podsystemu percepcyjnego}{}% 22
\BOOKMARK [2][-]{subsection.5.1}{Specyfikacja sensor\363w \(typ, ciag\233osc pracy\)}{section.5}% 23
\BOOKMARK [2][-]{subsection.5.2}{Specyfikacja postrzezen \(typ, wielkosc, J.M, pr\363g reakcji, zadana wartosc, kod postrzezenia Px\)}{section.5}% 24
\BOOKMARK [1][-]{section.6}{Model podsystemu wykonawczego}{}% 25
\BOOKMARK [2][-]{subsection.6.1}{Specyfikacja efektor\363w \(typ, ciag\233osc pracy\)}{section.6}% 26
\BOOKMARK [2][-]{subsection.6.2}{Opis skutk\363w dzia\233ania \(efekt, kod dzia\233ania Ax\)}{section.6}% 27
\BOOKMARK [1][-]{section.7}{Model podsystemu analityczno-decyzyjnego}{}% 28
\BOOKMARK [2][-]{subsection.7.1}{Okreslenie modelu agenta}{section.7}% 29
\BOOKMARK [2][-]{subsection.7.2}{Baza regu\233 warunek \205 akcja}{section.7}% 30
\BOOKMARK [2][-]{subsection.7.3}{Model srodowiska}{section.7}% 31
\BOOKMARK [2][-]{subsection.7.4}{Podsystem wyznaczania strategii}{section.7}% 32
\BOOKMARK [2][-]{subsection.7.5}{Podsystem oceny przydatnosci}{section.7}% 33
\BOOKMARK [2][-]{subsection.7.6}{Podsystem uczacy}{section.7}% 34
\BOOKMARK [2][-]{subsection.7.7}{Podsystem generacji zadan}{section.7}% 35
\BOOKMARK [1][-]{section.8}{Semantyczny model bazy danych srodowiska zadaniowego \(SERM\)}{}% 36
